2025-10-24T22:20:29.139+05:30  INFO 10616 --- [E-CommerceOrderManagementProject] [restartedMain] c.E.SpringWebMvcSecondProjectApplication : Starting SpringWebMvcSecondProjectApplication using Java 21.0.7 with PID 10616 (D:\Frontlinemedia\BackEnd\FLM - JAVA - SpringBoot - Practice\E-CommerceOrderManagementProject\target\classes started by meher in D:\Frontlinemedia\BackEnd\FLM - JAVA - SpringBoot - Practice\E-CommerceOrderManagementProject)
2025-10-24T22:20:29.140+05:30 DEBUG 10616 --- [E-CommerceOrderManagementProject] [restartedMain] c.E.SpringWebMvcSecondProjectApplication : Running with Spring Boot v3.5.5, Spring v6.2.10
2025-10-24T22:20:29.140+05:30  INFO 10616 --- [E-CommerceOrderManagementProject] [restartedMain] c.E.SpringWebMvcSecondProjectApplication : No active profile set, falling back to 1 default profile: "default"
2025-10-24T22:20:29.173+05:30  INFO 10616 --- [E-CommerceOrderManagementProject] [restartedMain] .e.DevToolsPropertyDefaultsPostProcessor : Devtools property defaults active! Set 'spring.devtools.add-properties' to 'false' to disable
2025-10-24T22:20:29.173+05:30  INFO 10616 --- [E-CommerceOrderManagementProject] [restartedMain] .e.DevToolsPropertyDefaultsPostProcessor : For additional web related logging consider setting the 'logging.level.web' property to 'DEBUG'
2025-10-24T22:20:29.802+05:30  INFO 10616 --- [E-CommerceOrderManagementProject] [restartedMain] .s.d.r.c.RepositoryConfigurationDelegate : Bootstrapping Spring Data JPA repositories in DEFAULT mode.
2025-10-24T22:20:29.847+05:30  INFO 10616 --- [E-CommerceOrderManagementProject] [restartedMain] .s.d.r.c.RepositoryConfigurationDelegate : Finished Spring Data repository scanning in 40 ms. Found 7 JPA repository interfaces.
2025-10-24T22:20:30.404+05:30  INFO 10616 --- [E-CommerceOrderManagementProject] [restartedMain] o.s.b.w.embedded.tomcat.TomcatWebServer  : Tomcat initialized with port 8010 (http)
2025-10-24T22:20:30.413+05:30  INFO 10616 --- [E-CommerceOrderManagementProject] [restartedMain] o.apache.catalina.core.StandardService   : Starting service [Tomcat]
2025-10-24T22:20:30.414+05:30  INFO 10616 --- [E-CommerceOrderManagementProject] [restartedMain] o.apache.catalina.core.StandardEngine    : Starting Servlet engine: [Apache Tomcat/10.1.44]
2025-10-24T22:20:30.443+05:30  INFO 10616 --- [E-CommerceOrderManagementProject] [restartedMain] o.a.c.c.C.[Tomcat].[localhost].[/]       : Initializing Spring embedded WebApplicationContext
2025-10-24T22:20:30.443+05:30  INFO 10616 --- [E-CommerceOrderManagementProject] [restartedMain] w.s.c.ServletWebServerApplicationContext : Root WebApplicationContext: initialization completed in 1270 ms
2025-10-24T22:20:30.728+05:30  INFO 10616 --- [E-CommerceOrderManagementProject] [restartedMain] o.hibernate.jpa.internal.util.LogHelper  : HHH000204: Processing PersistenceUnitInfo [name: default]
2025-10-24T22:20:30.757+05:30  INFO 10616 --- [E-CommerceOrderManagementProject] [restartedMain] org.hibernate.Version                    : HHH000412: Hibernate ORM core version 6.6.26.Final
2025-10-24T22:20:30.776+05:30  INFO 10616 --- [E-CommerceOrderManagementProject] [restartedMain] o.h.c.internal.RegionFactoryInitiator    : HHH000026: Second-level cache disabled
2025-10-24T22:20:30.928+05:30  INFO 10616 --- [E-CommerceOrderManagementProject] [restartedMain] o.s.o.j.p.SpringPersistenceUnitInfo      : No LoadTimeWeaver setup: ignoring JPA class transformer
2025-10-24T22:20:30.948+05:30  INFO 10616 --- [E-CommerceOrderManagementProject] [restartedMain] com.zaxxer.hikari.HikariDataSource       : HikariPool-1 - Starting...
2025-10-24T22:20:31.181+05:30  INFO 10616 --- [E-CommerceOrderManagementProject] [restartedMain] com.zaxxer.hikari.pool.HikariPool        : HikariPool-1 - Added connection com.mysql.cj.jdbc.ConnectionImpl@15d21a08
2025-10-24T22:20:31.183+05:30  INFO 10616 --- [E-CommerceOrderManagementProject] [restartedMain] com.zaxxer.hikari.HikariDataSource       : HikariPool-1 - Start completed.
2025-10-24T22:20:31.236+05:30  INFO 10616 --- [E-CommerceOrderManagementProject] [restartedMain] org.hibernate.orm.connections.pooling    : HHH10001005: Database info:
	Database JDBC URL [Connecting through datasource 'HikariDataSource (HikariPool-1)']
	Database driver: undefined/unknown
	Database version: 8.0.42
	Autocommit mode: undefined/unknown
	Isolation level: undefined/unknown
	Minimum pool size: undefined/unknown
	Maximum pool size: undefined/unknown
2025-10-24T22:20:31.864+05:30  INFO 10616 --- [E-CommerceOrderManagementProject] [restartedMain] o.h.e.t.j.p.i.JtaPlatformInitiator       : HHH000489: No JTA platform available (set 'hibernate.transaction.jta.platform' to enable JTA platform integration)
2025-10-24T22:20:31.927+05:30  INFO 10616 --- [E-CommerceOrderManagementProject] [restartedMain] j.LocalContainerEntityManagerFactoryBean : Initialized JPA EntityManagerFactory for persistence unit 'default'
2025-10-24T22:20:32.210+05:30  INFO 10616 --- [E-CommerceOrderManagementProject] [restartedMain] o.s.d.j.r.query.QueryEnhancerFactory     : Hibernate is in classpath; If applicable, HQL parser will be used.
2025-10-24T22:20:32.806+05:30  WARN 10616 --- [E-CommerceOrderManagementProject] [restartedMain] JpaBaseConfiguration$JpaWebConfiguration : spring.jpa.open-in-view is enabled by default. Therefore, database queries may be performed during view rendering. Explicitly configure spring.jpa.open-in-view to disable this warning
2025-10-24T22:20:32.859+05:30  INFO 10616 --- [E-CommerceOrderManagementProject] [restartedMain] r$InitializeUserDetailsManagerConfigurer : Global AuthenticationManager configured with UserDetailsService bean with name securityUserDetailsFromDB
2025-10-24T22:20:32.907+05:30 DEBUG 10616 --- [E-CommerceOrderManagementProject] [restartedMain] c.E.a.E_CommerceOrderManagementAspect    : Entered into SecurityFilterChain com.E_CommerceOrderManagementProject.security.SecurityConfig.secuirtyFilterChain(HttpSecurity) method with a Request DataType of (HttpSecurity) : org.springframework.security.config.annotation.web.builders.HttpSecurity@313370ee
2025-10-24T22:20:33.372+05:30 DEBUG 10616 --- [E-CommerceOrderManagementProject] [restartedMain] c.E.a.E_CommerceOrderManagementAspect    : Exiting from SecurityFilterChain com.E_CommerceOrderManagementProject.security.SecurityConfig.secuirtyFilterChain(HttpSecurity) method and returning a response as : DefaultSecurityFilterChain matching [any request] and having filters [DisableEncodeUrl, WebAsyncManagerIntegration, SecurityContextHolder, HeaderWriter, Logout, UsernamePasswordAuthentication, DefaultResources, DefaultLoginPageGenerating, DefaultLogoutPageGenerating, BasicAuthentication, RequestCacheAware, SecurityContextHolderAwareRequest, AnonymousAuthentication, ExceptionTranslation, Authorization]
2025-10-24T22:20:33.828+05:30  INFO 10616 --- [E-CommerceOrderManagementProject] [restartedMain] o.s.b.d.a.OptionalLiveReloadServer       : LiveReload server is running on port 35729
2025-10-24T22:20:33.889+05:30  INFO 10616 --- [E-CommerceOrderManagementProject] [restartedMain] o.s.b.w.embedded.tomcat.TomcatWebServer  : Tomcat started on port 8010 (http) with context path '/'
2025-10-24T22:20:33.954+05:30  INFO 10616 --- [E-CommerceOrderManagementProject] [restartedMain] o.s.b.w.embedded.tomcat.TomcatWebServer  : Tomcat initialized with port 13000 (http)
2025-10-24T22:20:33.955+05:30  INFO 10616 --- [E-CommerceOrderManagementProject] [restartedMain] o.apache.catalina.core.StandardService   : Starting service [Tomcat]
2025-10-24T22:20:33.955+05:30  INFO 10616 --- [E-CommerceOrderManagementProject] [restartedMain] o.apache.catalina.core.StandardEngine    : Starting Servlet engine: [Apache Tomcat/10.1.44]
2025-10-24T22:20:33.966+05:30  INFO 10616 --- [E-CommerceOrderManagementProject] [restartedMain] o.a.c.c.C.[Tomcat-1].[localhost].[/]     : Initializing Spring embedded WebApplicationContext
2025-10-24T22:20:33.966+05:30  INFO 10616 --- [E-CommerceOrderManagementProject] [restartedMain] w.s.c.ServletWebServerApplicationContext : Root WebApplicationContext: initialization completed in 75 ms
2025-10-24T22:20:33.976+05:30  INFO 10616 --- [E-CommerceOrderManagementProject] [restartedMain] o.s.b.a.e.web.EndpointLinksResolver      : Exposing 14 endpoints beneath base path '/actuator'
2025-10-24T22:20:34.001+05:30  INFO 10616 --- [E-CommerceOrderManagementProject] [restartedMain] o.s.b.w.embedded.tomcat.TomcatWebServer  : Tomcat started on port 13000 (http) with context path '/'
2025-10-24T22:20:34.009+05:30  INFO 10616 --- [E-CommerceOrderManagementProject] [restartedMain] c.E.SpringWebMvcSecondProjectApplication : Started SpringWebMvcSecondProjectApplication in 5.143 seconds (process running for 5.549)
2025-10-24T22:20:34.489+05:30  INFO 10616 --- [E-CommerceOrderManagementProject] [RMI TCP Connection(4)-127.0.0.1] o.a.c.c.C.[Tomcat].[localhost].[/]       : Initializing Spring DispatcherServlet 'dispatcherServlet'
2025-10-24T22:20:34.489+05:30  INFO 10616 --- [E-CommerceOrderManagementProject] [RMI TCP Connection(4)-127.0.0.1] o.s.web.servlet.DispatcherServlet        : Initializing Servlet 'dispatcherServlet'
2025-10-24T22:20:34.490+05:30  INFO 10616 --- [E-CommerceOrderManagementProject] [RMI TCP Connection(4)-127.0.0.1] o.s.web.servlet.DispatcherServlet        : Completed initialization in 1 ms
2025-10-24T22:20:54.354+05:30  INFO 10616 --- [E-CommerceOrderManagementProject] [File Watcher] rtingClassPathChangeChangedEventListener : Restarting due to 1 class path change (0 additions, 0 deletions, 1 modification)
2025-10-24T22:20:54.357+05:30  INFO 10616 --- [E-CommerceOrderManagementProject] [Thread-5] o.s.b.w.e.tomcat.GracefulShutdown        : Commencing graceful shutdown. Waiting for active requests to complete
2025-10-24T22:20:54.360+05:30  INFO 10616 --- [E-CommerceOrderManagementProject] [tomcat-shutdown] o.s.b.w.e.tomcat.GracefulShutdown        : Graceful shutdown complete
2025-10-24T22:20:54.360+05:30  INFO 10616 --- [E-CommerceOrderManagementProject] [Thread-5] o.s.b.w.e.tomcat.GracefulShutdown        : Commencing graceful shutdown. Waiting for active requests to complete
2025-10-24T22:20:54.364+05:30  INFO 10616 --- [E-CommerceOrderManagementProject] [tomcat-shutdown] o.s.b.w.e.tomcat.GracefulShutdown        : Graceful shutdown complete
2025-10-24T22:20:54.366+05:30  INFO 10616 --- [E-CommerceOrderManagementProject] [Thread-5] o.apache.catalina.core.StandardService   : Stopping service [Tomcat]
2025-10-24T22:20:54.371+05:30  INFO 10616 --- [E-CommerceOrderManagementProject] [Thread-5] j.LocalContainerEntityManagerFactoryBean : Closing JPA EntityManagerFactory for persistence unit 'default'
2025-10-24T22:20:54.373+05:30  INFO 10616 --- [E-CommerceOrderManagementProject] [Thread-5] com.zaxxer.hikari.HikariDataSource       : HikariPool-1 - Shutdown initiated...
2025-10-24T22:20:54.379+05:30  INFO 10616 --- [E-CommerceOrderManagementProject] [Thread-5] com.zaxxer.hikari.HikariDataSource       : HikariPool-1 - Shutdown completed.
2025-10-24T22:20:54.437+05:30  INFO 10616 --- [E-CommerceOrderManagementProject] [restartedMain] c.E.SpringWebMvcSecondProjectApplication : Starting SpringWebMvcSecondProjectApplication using Java 21.0.7 with PID 10616 (D:\Frontlinemedia\BackEnd\FLM - JAVA - SpringBoot - Practice\E-CommerceOrderManagementProject\target\classes started by meher in D:\Frontlinemedia\BackEnd\FLM - JAVA - SpringBoot - Practice\E-CommerceOrderManagementProject)
2025-10-24T22:20:54.437+05:30 DEBUG 10616 --- [E-CommerceOrderManagementProject] [restartedMain] c.E.SpringWebMvcSecondProjectApplication : Running with Spring Boot v3.5.5, Spring v6.2.10
2025-10-24T22:20:54.437+05:30  INFO 10616 --- [E-CommerceOrderManagementProject] [restartedMain] c.E.SpringWebMvcSecondProjectApplication : No active profile set, falling back to 1 default profile: "default"
2025-10-24T22:20:54.613+05:30  INFO 10616 --- [E-CommerceOrderManagementProject] [restartedMain] .s.d.r.c.RepositoryConfigurationDelegate : Bootstrapping Spring Data JPA repositories in DEFAULT mode.
2025-10-24T22:20:54.625+05:30  INFO 10616 --- [E-CommerceOrderManagementProject] [restartedMain] .s.d.r.c.RepositoryConfigurationDelegate : Finished Spring Data repository scanning in 11 ms. Found 7 JPA repository interfaces.
2025-10-24T22:20:54.749+05:30  INFO 10616 --- [E-CommerceOrderManagementProject] [restartedMain] o.s.b.w.embedded.tomcat.TomcatWebServer  : Tomcat initialized with port 8010 (http)
2025-10-24T22:20:54.750+05:30  INFO 10616 --- [E-CommerceOrderManagementProject] [restartedMain] o.apache.catalina.core.StandardService   : Starting service [Tomcat]
2025-10-24T22:20:54.751+05:30  INFO 10616 --- [E-CommerceOrderManagementProject] [restartedMain] o.apache.catalina.core.StandardEngine    : Starting Servlet engine: [Apache Tomcat/10.1.44]
2025-10-24T22:20:54.772+05:30  INFO 10616 --- [E-CommerceOrderManagementProject] [restartedMain] o.a.c.c.C.[Tomcat].[localhost].[/]       : Initializing Spring embedded WebApplicationContext
2025-10-24T22:20:54.772+05:30  INFO 10616 --- [E-CommerceOrderManagementProject] [restartedMain] w.s.c.ServletWebServerApplicationContext : Root WebApplicationContext: initialization completed in 334 ms
2025-10-24T22:20:54.884+05:30  INFO 10616 --- [E-CommerceOrderManagementProject] [restartedMain] o.hibernate.jpa.internal.util.LogHelper  : HHH000204: Processing PersistenceUnitInfo [name: default]
2025-10-24T22:20:54.885+05:30  INFO 10616 --- [E-CommerceOrderManagementProject] [restartedMain] o.h.c.internal.RegionFactoryInitiator    : HHH000026: Second-level cache disabled
2025-10-24T22:20:54.891+05:30  INFO 10616 --- [E-CommerceOrderManagementProject] [restartedMain] o.s.o.j.p.SpringPersistenceUnitInfo      : No LoadTimeWeaver setup: ignoring JPA class transformer
2025-10-24T22:20:54.891+05:30  INFO 10616 --- [E-CommerceOrderManagementProject] [restartedMain] com.zaxxer.hikari.HikariDataSource       : HikariPool-2 - Starting...
2025-10-24T22:20:54.905+05:30  INFO 10616 --- [E-CommerceOrderManagementProject] [restartedMain] com.zaxxer.hikari.pool.HikariPool        : HikariPool-2 - Added connection com.mysql.cj.jdbc.ConnectionImpl@a855e5
2025-10-24T22:20:54.905+05:30  INFO 10616 --- [E-CommerceOrderManagementProject] [restartedMain] com.zaxxer.hikari.HikariDataSource       : HikariPool-2 - Start completed.
2025-10-24T22:20:54.906+05:30  INFO 10616 --- [E-CommerceOrderManagementProject] [restartedMain] org.hibernate.orm.connections.pooling    : HHH10001005: Database info:
	Database JDBC URL [Connecting through datasource 'HikariDataSource (HikariPool-2)']
	Database driver: undefined/unknown
	Database version: 8.0.42
	Autocommit mode: undefined/unknown
	Isolation level: undefined/unknown
	Minimum pool size: undefined/unknown
	Maximum pool size: undefined/unknown
2025-10-24T22:20:55.025+05:30  INFO 10616 --- [E-CommerceOrderManagementProject] [restartedMain] o.h.e.t.j.p.i.JtaPlatformInitiator       : HHH000489: No JTA platform available (set 'hibernate.transaction.jta.platform' to enable JTA platform integration)
2025-10-24T22:20:55.063+05:30  INFO 10616 --- [E-CommerceOrderManagementProject] [restartedMain] j.LocalContainerEntityManagerFactoryBean : Initialized JPA EntityManagerFactory for persistence unit 'default'
2025-10-24T22:20:55.386+05:30  WARN 10616 --- [E-CommerceOrderManagementProject] [restartedMain] JpaBaseConfiguration$JpaWebConfiguration : spring.jpa.open-in-view is enabled by default. Therefore, database queries may be performed during view rendering. Explicitly configure spring.jpa.open-in-view to disable this warning
2025-10-24T22:20:55.416+05:30  INFO 10616 --- [E-CommerceOrderManagementProject] [restartedMain] r$InitializeUserDetailsManagerConfigurer : Global AuthenticationManager configured with UserDetailsService bean with name securityUserDetailsFromDB
2025-10-24T22:20:55.429+05:30 DEBUG 10616 --- [E-CommerceOrderManagementProject] [restartedMain] c.E.a.E_CommerceOrderManagementAspect    : Entered into SecurityFilterChain com.E_CommerceOrderManagementProject.security.SecurityConfig.secuirtyFilterChain(HttpSecurity) method with a Request DataType of (HttpSecurity) : org.springframework.security.config.annotation.web.builders.HttpSecurity@394c9a13
2025-10-24T22:20:55.703+05:30 DEBUG 10616 --- [E-CommerceOrderManagementProject] [restartedMain] c.E.a.E_CommerceOrderManagementAspect    : Exiting from SecurityFilterChain com.E_CommerceOrderManagementProject.security.SecurityConfig.secuirtyFilterChain(HttpSecurity) method and returning a response as : DefaultSecurityFilterChain matching [any request] and having filters [DisableEncodeUrl, WebAsyncManagerIntegration, SecurityContextHolder, HeaderWriter, Logout, UsernamePasswordAuthentication, DefaultResources, DefaultLoginPageGenerating, DefaultLogoutPageGenerating, BasicAuthentication, RequestCacheAware, SecurityContextHolderAwareRequest, AnonymousAuthentication, ExceptionTranslation, Authorization]
2025-10-24T22:20:56.010+05:30  INFO 10616 --- [E-CommerceOrderManagementProject] [restartedMain] o.s.b.d.a.OptionalLiveReloadServer       : LiveReload server is running on port 35729
2025-10-24T22:20:56.034+05:30  INFO 10616 --- [E-CommerceOrderManagementProject] [restartedMain] o.s.b.w.embedded.tomcat.TomcatWebServer  : Tomcat started on port 8010 (http) with context path '/'
2025-10-24T22:20:56.066+05:30  INFO 10616 --- [E-CommerceOrderManagementProject] [restartedMain] o.s.b.w.embedded.tomcat.TomcatWebServer  : Tomcat initialized with port 13000 (http)
2025-10-24T22:20:56.066+05:30  INFO 10616 --- [E-CommerceOrderManagementProject] [restartedMain] o.apache.catalina.core.StandardService   : Starting service [Tomcat]
2025-10-24T22:20:56.066+05:30  INFO 10616 --- [E-CommerceOrderManagementProject] [restartedMain] o.apache.catalina.core.StandardEngine    : Starting Servlet engine: [Apache Tomcat/10.1.44]
2025-10-24T22:20:56.077+05:30  INFO 10616 --- [E-CommerceOrderManagementProject] [restartedMain] o.a.c.c.C.[Tomcat-1].[localhost].[/]     : Initializing Spring embedded WebApplicationContext
2025-10-24T22:20:56.077+05:30  INFO 10616 --- [E-CommerceOrderManagementProject] [restartedMain] w.s.c.ServletWebServerApplicationContext : Root WebApplicationContext: initialization completed in 42 ms
2025-10-24T22:20:56.083+05:30  INFO 10616 --- [E-CommerceOrderManagementProject] [restartedMain] o.s.b.a.e.web.EndpointLinksResolver      : Exposing 14 endpoints beneath base path '/actuator'
2025-10-24T22:20:56.104+05:30  INFO 10616 --- [E-CommerceOrderManagementProject] [restartedMain] o.s.b.w.embedded.tomcat.TomcatWebServer  : Tomcat started on port 13000 (http) with context path '/'
2025-10-24T22:20:56.110+05:30  INFO 10616 --- [E-CommerceOrderManagementProject] [restartedMain] c.E.SpringWebMvcSecondProjectApplication : Started SpringWebMvcSecondProjectApplication in 1.689 seconds (process running for 27.651)
2025-10-24T22:20:56.113+05:30  INFO 10616 --- [E-CommerceOrderManagementProject] [restartedMain] .ConditionEvaluationDeltaLoggingListener : Condition evaluation unchanged
2025-10-24T22:22:50.418+05:30  INFO 10616 --- [E-CommerceOrderManagementProject] [File Watcher] rtingClassPathChangeChangedEventListener : Restarting due to 1 class path change (0 additions, 0 deletions, 1 modification)
2025-10-24T22:22:50.421+05:30  INFO 10616 --- [E-CommerceOrderManagementProject] [Thread-7] o.s.b.w.e.tomcat.GracefulShutdown        : Commencing graceful shutdown. Waiting for active requests to complete
2025-10-24T22:22:50.425+05:30  INFO 10616 --- [E-CommerceOrderManagementProject] [tomcat-shutdown] o.s.b.w.e.tomcat.GracefulShutdown        : Graceful shutdown complete
2025-10-24T22:22:50.425+05:30  INFO 10616 --- [E-CommerceOrderManagementProject] [Thread-7] o.s.b.w.e.tomcat.GracefulShutdown        : Commencing graceful shutdown. Waiting for active requests to complete
2025-10-24T22:22:50.428+05:30  INFO 10616 --- [E-CommerceOrderManagementProject] [tomcat-shutdown] o.s.b.w.e.tomcat.GracefulShutdown        : Graceful shutdown complete
2025-10-24T22:22:50.429+05:30  INFO 10616 --- [E-CommerceOrderManagementProject] [Thread-7] o.apache.catalina.core.StandardService   : Stopping service [Tomcat]
2025-10-24T22:22:50.432+05:30  INFO 10616 --- [E-CommerceOrderManagementProject] [Thread-7] j.LocalContainerEntityManagerFactoryBean : Closing JPA EntityManagerFactory for persistence unit 'default'
2025-10-24T22:22:50.432+05:30  INFO 10616 --- [E-CommerceOrderManagementProject] [Thread-7] com.zaxxer.hikari.HikariDataSource       : HikariPool-2 - Shutdown initiated...
2025-10-24T22:22:50.435+05:30  INFO 10616 --- [E-CommerceOrderManagementProject] [Thread-7] com.zaxxer.hikari.HikariDataSource       : HikariPool-2 - Shutdown completed.
