2025-10-24T22:22:50.486+05:30  INFO 10616 --- [E-CommerceOrderManagementProject] [restartedMain] c.E.SpringWebMvcSecondProjectApplication : Starting SpringWebMvcSecondProjectApplication using Java 21.0.7 with PID 10616 (D:\Frontlinemedia\BackEnd\FLM - JAVA - SpringBoot - Practice\E-CommerceOrderManagementProject\target\classes started by meher in D:\Frontlinemedia\BackEnd\FLM - JAVA - SpringBoot - Practice\E-CommerceOrderManagementProject)
2025-10-24T22:22:50.486+05:30 DEBUG 10616 --- [E-CommerceOrderManagementProject] [restartedMain] c.E.SpringWebMvcSecondProjectApplication : Running with Spring Boot v3.5.5, Spring v6.2.10
2025-10-24T22:22:50.486+05:30  INFO 10616 --- [E-CommerceOrderManagementProject] [restartedMain] c.E.SpringWebMvcSecondProjectApplication : No active profile set, falling back to 1 default profile: "default"
2025-10-24T22:22:50.647+05:30  INFO 10616 --- [E-CommerceOrderManagementProject] [restartedMain] .s.d.r.c.RepositoryConfigurationDelegate : Bootstrapping Spring Data JPA repositories in DEFAULT mode.
2025-10-24T22:22:50.659+05:30  INFO 10616 --- [E-CommerceOrderManagementProject] [restartedMain] .s.d.r.c.RepositoryConfigurationDelegate : Finished Spring Data repository scanning in 11 ms. Found 7 JPA repository interfaces.
2025-10-24T22:22:50.774+05:30  INFO 10616 --- [E-CommerceOrderManagementProject] [restartedMain] o.s.b.w.embedded.tomcat.TomcatWebServer  : Tomcat initialized with port 8010 (http)
2025-10-24T22:22:50.774+05:30  INFO 10616 --- [E-CommerceOrderManagementProject] [restartedMain] o.apache.catalina.core.StandardService   : Starting service [Tomcat]
2025-10-24T22:22:50.775+05:30  INFO 10616 --- [E-CommerceOrderManagementProject] [restartedMain] o.apache.catalina.core.StandardEngine    : Starting Servlet engine: [Apache Tomcat/10.1.44]
2025-10-24T22:22:50.784+05:30  INFO 10616 --- [E-CommerceOrderManagementProject] [restartedMain] o.a.c.c.C.[Tomcat].[localhost].[/]       : Initializing Spring embedded WebApplicationContext
2025-10-24T22:22:50.784+05:30  INFO 10616 --- [E-CommerceOrderManagementProject] [restartedMain] w.s.c.ServletWebServerApplicationContext : Root WebApplicationContext: initialization completed in 294 ms
2025-10-24T22:22:50.917+05:30  INFO 10616 --- [E-CommerceOrderManagementProject] [restartedMain] o.hibernate.jpa.internal.util.LogHelper  : HHH000204: Processing PersistenceUnitInfo [name: default]
2025-10-24T22:22:50.919+05:30  INFO 10616 --- [E-CommerceOrderManagementProject] [restartedMain] o.h.c.internal.RegionFactoryInitiator    : HHH000026: Second-level cache disabled
2025-10-24T22:22:50.923+05:30  INFO 10616 --- [E-CommerceOrderManagementProject] [restartedMain] o.s.o.j.p.SpringPersistenceUnitInfo      : No LoadTimeWeaver setup: ignoring JPA class transformer
2025-10-24T22:22:50.923+05:30  INFO 10616 --- [E-CommerceOrderManagementProject] [restartedMain] com.zaxxer.hikari.HikariDataSource       : HikariPool-3 - Starting...
2025-10-24T22:22:50.933+05:30  INFO 10616 --- [E-CommerceOrderManagementProject] [restartedMain] com.zaxxer.hikari.pool.HikariPool        : HikariPool-3 - Added connection com.mysql.cj.jdbc.ConnectionImpl@239ee82a
2025-10-24T22:22:50.933+05:30  INFO 10616 --- [E-CommerceOrderManagementProject] [restartedMain] com.zaxxer.hikari.HikariDataSource       : HikariPool-3 - Start completed.
2025-10-24T22:22:50.934+05:30  INFO 10616 --- [E-CommerceOrderManagementProject] [restartedMain] org.hibernate.orm.connections.pooling    : HHH10001005: Database info:
	Database JDBC URL [Connecting through datasource 'HikariDataSource (HikariPool-3)']
	Database driver: undefined/unknown
	Database version: 8.0.42
	Autocommit mode: undefined/unknown
	Isolation level: undefined/unknown
	Minimum pool size: undefined/unknown
	Maximum pool size: undefined/unknown
2025-10-24T22:22:51.002+05:30  INFO 10616 --- [E-CommerceOrderManagementProject] [restartedMain] o.h.e.t.j.p.i.JtaPlatformInitiator       : HHH000489: No JTA platform available (set 'hibernate.transaction.jta.platform' to enable JTA platform integration)
2025-10-24T22:22:51.034+05:30  INFO 10616 --- [E-CommerceOrderManagementProject] [restartedMain] j.LocalContainerEntityManagerFactoryBean : Initialized JPA EntityManagerFactory for persistence unit 'default'
2025-10-24T22:22:51.327+05:30  WARN 10616 --- [E-CommerceOrderManagementProject] [restartedMain] JpaBaseConfiguration$JpaWebConfiguration : spring.jpa.open-in-view is enabled by default. Therefore, database queries may be performed during view rendering. Explicitly configure spring.jpa.open-in-view to disable this warning
2025-10-24T22:22:51.359+05:30  INFO 10616 --- [E-CommerceOrderManagementProject] [restartedMain] r$InitializeUserDetailsManagerConfigurer : Global AuthenticationManager configured with UserDetailsService bean with name securityUserDetailsFromDB
2025-10-24T22:22:51.371+05:30 DEBUG 10616 --- [E-CommerceOrderManagementProject] [restartedMain] c.E.a.E_CommerceOrderManagementAspect    : Entered into SecurityFilterChain com.E_CommerceOrderManagementProject.security.SecurityConfig.secuirtyFilterChain(HttpSecurity) method with a Request DataType of (HttpSecurity) : org.springframework.security.config.annotation.web.builders.HttpSecurity@6d2419a3
2025-10-24T22:22:51.640+05:30 DEBUG 10616 --- [E-CommerceOrderManagementProject] [restartedMain] c.E.a.E_CommerceOrderManagementAspect    : Exiting from SecurityFilterChain com.E_CommerceOrderManagementProject.security.SecurityConfig.secuirtyFilterChain(HttpSecurity) method and returning a response as : DefaultSecurityFilterChain matching [any request] and having filters [DisableEncodeUrl, WebAsyncManagerIntegration, SecurityContextHolder, HeaderWriter, Logout, UsernamePasswordAuthentication, DefaultResources, DefaultLoginPageGenerating, DefaultLogoutPageGenerating, BasicAuthentication, RequestCacheAware, SecurityContextHolderAwareRequest, AnonymousAuthentication, ExceptionTranslation, Authorization]
2025-10-24T22:22:51.969+05:30  INFO 10616 --- [E-CommerceOrderManagementProject] [restartedMain] o.s.b.d.a.OptionalLiveReloadServer       : LiveReload server is running on port 35729
2025-10-24T22:22:51.989+05:30  INFO 10616 --- [E-CommerceOrderManagementProject] [restartedMain] o.s.b.w.embedded.tomcat.TomcatWebServer  : Tomcat started on port 8010 (http) with context path '/'
2025-10-24T22:22:52.017+05:30  INFO 10616 --- [E-CommerceOrderManagementProject] [restartedMain] o.s.b.w.embedded.tomcat.TomcatWebServer  : Tomcat initialized with port 13000 (http)
2025-10-24T22:22:52.018+05:30  INFO 10616 --- [E-CommerceOrderManagementProject] [restartedMain] o.apache.catalina.core.StandardService   : Starting service [Tomcat]
2025-10-24T22:22:52.018+05:30  INFO 10616 --- [E-CommerceOrderManagementProject] [restartedMain] o.apache.catalina.core.StandardEngine    : Starting Servlet engine: [Apache Tomcat/10.1.44]
2025-10-24T22:22:52.026+05:30  INFO 10616 --- [E-CommerceOrderManagementProject] [restartedMain] o.a.c.c.C.[Tomcat-1].[localhost].[/]     : Initializing Spring embedded WebApplicationContext
2025-10-24T22:22:52.027+05:30  INFO 10616 --- [E-CommerceOrderManagementProject] [restartedMain] w.s.c.ServletWebServerApplicationContext : Root WebApplicationContext: initialization completed in 37 ms
2025-10-24T22:22:52.031+05:30  INFO 10616 --- [E-CommerceOrderManagementProject] [restartedMain] o.s.b.a.e.web.EndpointLinksResolver      : Exposing 14 endpoints beneath base path '/actuator'
2025-10-24T22:22:52.046+05:30  INFO 10616 --- [E-CommerceOrderManagementProject] [restartedMain] o.s.b.w.embedded.tomcat.TomcatWebServer  : Tomcat started on port 13000 (http) with context path '/'
2025-10-24T22:22:52.050+05:30  INFO 10616 --- [E-CommerceOrderManagementProject] [restartedMain] c.E.SpringWebMvcSecondProjectApplication : Started SpringWebMvcSecondProjectApplication in 1.578 seconds (process running for 143.592)
2025-10-24T22:22:52.054+05:30  INFO 10616 --- [E-CommerceOrderManagementProject] [restartedMain] .ConditionEvaluationDeltaLoggingListener : Condition evaluation unchanged
2025-10-24T22:23:09.670+05:30  INFO 10616 --- [E-CommerceOrderManagementProject] [File Watcher] rtingClassPathChangeChangedEventListener : Restarting due to 1 class path change (0 additions, 0 deletions, 1 modification)
2025-10-24T22:23:09.671+05:30  INFO 10616 --- [E-CommerceOrderManagementProject] [Thread-11] o.s.b.w.e.tomcat.GracefulShutdown        : Commencing graceful shutdown. Waiting for active requests to complete
2025-10-24T22:23:09.675+05:30  INFO 10616 --- [E-CommerceOrderManagementProject] [tomcat-shutdown] o.s.b.w.e.tomcat.GracefulShutdown        : Graceful shutdown complete
2025-10-24T22:23:09.676+05:30  INFO 10616 --- [E-CommerceOrderManagementProject] [Thread-11] o.s.b.w.e.tomcat.GracefulShutdown        : Commencing graceful shutdown. Waiting for active requests to complete
2025-10-24T22:23:09.678+05:30  INFO 10616 --- [E-CommerceOrderManagementProject] [tomcat-shutdown] o.s.b.w.e.tomcat.GracefulShutdown        : Graceful shutdown complete
2025-10-24T22:23:09.679+05:30  INFO 10616 --- [E-CommerceOrderManagementProject] [Thread-11] o.apache.catalina.core.StandardService   : Stopping service [Tomcat]
2025-10-24T22:23:09.683+05:30  INFO 10616 --- [E-CommerceOrderManagementProject] [Thread-11] j.LocalContainerEntityManagerFactoryBean : Closing JPA EntityManagerFactory for persistence unit 'default'
2025-10-24T22:23:09.683+05:30  INFO 10616 --- [E-CommerceOrderManagementProject] [Thread-11] com.zaxxer.hikari.HikariDataSource       : HikariPool-3 - Shutdown initiated...
2025-10-24T22:23:09.686+05:30  INFO 10616 --- [E-CommerceOrderManagementProject] [Thread-11] com.zaxxer.hikari.HikariDataSource       : HikariPool-3 - Shutdown completed.
